[pokerladder.uk/index.html]
[backblue.gif]
[fade.gif]
[index.html]
[img1.wsimg.com/isteam/ip/79791148-6c18-45bf-b9ce-f15cb6b4310f/depositphotos_14542687-stock-photo-pair-of-ace.jpg]
[pokerladder.uk/manifest.webmanifest]
[img1.wsimg.com/blobby/go/gpub/79fb68164481d54f/script.js]
[img1.wsimg.com/blobby/go/gpub/8828666089615103/script.js]
[img1.wsimg.com/blobby/go/79791148-6c18-45bf-b9ce-f15cb6b4310f/gpub/1a345f78ae3b64b/script.js]
[img1.wsimg.com/poly/v2/polyfill.min23c0.js]
[img1.wsimg.com/blobby/go/79791148-6c18-45bf-b9ce-f15cb6b4310f/gpub/4524c1974583bbdd/styles.css]
[img1.wsimg.com/blobby/go/79791148-6c18-45bf-b9ce-f15cb6b4310f/gpub/bb0ceed970ad9782/styles.css]
[pokerladder.uk/sw.js]
[img1.wsimg.com/blobby/go/79791148-6c18-45bf-b9ce-f15cb6b4310f/gpub/5af8685f221cefdf/styles.css]
[img1.wsimg.com/blobby/go/79791148-6c18-45bf-b9ce-f15cb6b4310f/gpub/a686a28498779792/styles.css]
[img1.wsimg.com/blobby/go/79791148-6c18-45bf-b9ce-f15cb6b4310f/gpub/6cfd2ee91abfb071/styles.css]
[pokerladder.uk/downloads.html]
[pokerladder.uk/rankings.html]
[pokerladder.uk/contact-us.html]
[www.paypalobjects.com/webstatic/icon/pp258.png]
[www.paypalobjects.com/webstatic/en_US/i/buttons/cc-badges-ppmcvdam.png]
[pokerladder.uk/privacy-policy.html]
[img1.wsimg.com/blobby/go/79791148-6c18-45bf-b9ce-f15cb6b4310f/gpub/4065f39544385145/script.js]
[img1.wsimg.com/blobby/go/gpub/6dffa3ce802662b0/script.js]
[img1.wsimg.com/blobby/go/79791148-6c18-45bf-b9ce-f15cb6b4310f/gpub/eff4dee73008007/script.js]
[img1.wsimg.com/blobby/go/gpub/5ee8908070700024/script.js]
[img1.wsimg.com/blobby/go/gpub/371c18f3a9e22f67/script.js]
[img1.wsimg.com/blobby/go/79791148-6c18-45bf-b9ce-f15cb6b4310f/gpub/ab0fa19fbd93d3a9/script.js]
[img1.wsimg.com/blobby/go/gpub/616c590b3856982a/script.js]
[img1.wsimg.com/blobby/go/79791148-6c18-45bf-b9ce-f15cb6b4310f/gpub/20e53c2349c59144/script.js]
[pokerladder.uk/index.html]
[img1.wsimg.com/tcc/tcc_l.combined.1.0.6.min.js]
[img1.wsimg.com/blobby/go/79791148-6c18-45bf-b9ce-f15cb6b4310f/gpub/4524c1974583bbdd/styles.css]
[img1.wsimg.com/blobby/go/79791148-6c18-45bf-b9ce-f15cb6b4310f/gpub/bb0ceed970ad9782/styles.css]
[img1.wsimg.com/blobby/go/79791148-6c18-45bf-b9ce-f15cb6b4310f/gpub/5af8685f221cefdf/styles.css]
[img1.wsimg.com/blobby/go/79791148-6c18-45bf-b9ce-f15cb6b4310f/gpub/a686a28498779792/styles.css]
[img1.wsimg.com/blobby/go/79791148-6c18-45bf-b9ce-f15cb6b4310f/gpub/6cfd2ee91abfb071/styles.css]
[img1.wsimg.com/blobby/go/79791148-6c18-45bf-b9ce-f15cb6b4310f/gpub/95f0deb73a3bdeae/styles.css]
[img1.wsimg.com/blobby/go/79791148-6c18-45bf-b9ce-f15cb6b4310f/gpub/424e431fc2d7d161/styles.css]
[img1.wsimg.com/blobby/go/79791148-6c18-45bf-b9ce-f15cb6b4310f/gpub/c70f303be6b4bf2f/styles.css]
[img1.wsimg.com/blobby/go/gpub/46e1d7900bc2a322/script.js]
[img1.wsimg.com/blobby/go/79791148-6c18-45bf-b9ce-f15cb6b4310f/downloads/uxIyTrjc833.png]
[img1.wsimg.com/blobby/go/79791148-6c18-45bf-b9ce-f15cb6b4310f/gpub/3e9ec11ab4e4fef/script.js]
[img1.wsimg.com/blobby/go/79791148-6c18-45bf-b9ce-f15cb6b4310f/gpub/3046d59870013345/script.js]
[img1.wsimg.com/blobby/go/79791148-6c18-45bf-b9ce-f15cb6b4310f/gpub/92cc6733c9469b43/script.js]
[img1.wsimg.com/blobby/go/79791148-6c18-45bf-b9ce-f15cb6b4310f/gpub/a5d29d76e33bb857/script.js]
[pokerladder.uk/downloads.html]
[img1.wsimg.com/blobby/go/79791148-6c18-45bf-b9ce-f15cb6b4310f/gpub/7ae22b93deba1864/styles.css]
[img1.wsimg.com/blobby/go/79791148-6c18-45bf-b9ce-f15cb6b4310f/gpub/1530cbfd71840def/styles.css]
[img1.wsimg.com/blobby/go/79791148-6c18-45bf-b9ce-f15cb6b4310f/gpub/58ac38a7f2690d1e/styles.css]
[img1.wsimg.com/blobby/go/79791148-6c18-45bf-b9ce-f15cb6b4310f/gpub/d1f2309592cda8df/script.js]
[img1.wsimg.com/blobby/go/79791148-6c18-45bf-b9ce-f15cb6b4310f/gpub/55396999fc531ae2/script.js]
[img1.wsimg.com/blobby/go/gpub/8efb217b41946ba0/script.js]
[img1.wsimg.com/blobby/go/79791148-6c18-45bf-b9ce-f15cb6b4310f/gpub/8b1e1302af95ae27/script.js]
[img1.wsimg.com/blobby/go/gpub/319422a9e575f393/script.js]
[pokerladder.uk/rankings.html]
[img1.wsimg.com/blobby/go/79791148-6c18-45bf-b9ce-f15cb6b4310f/gpub/584c8e481b88dbbb/script.js]
[img1.wsimg.com/blobby/go/79791148-6c18-45bf-b9ce-f15cb6b4310f/gpub/6110644a4473c7c/styles.css]
[img1.wsimg.com/blobby/go/79791148-6c18-45bf-b9ce-f15cb6b4310f/gpub/c36721de060fbde/styles.css]
[img1.wsimg.com/blobby/go/79791148-6c18-45bf-b9ce-f15cb6b4310f/gpub/e0d80dcc1c2eac1/styles.css]
[img1.wsimg.com/blobby/go/79791148-6c18-45bf-b9ce-f15cb6b4310f/gpub/e047bd36c0ef3b0f/script.js]
[img1.wsimg.com/blobby/go/79791148-6c18-45bf-b9ce-f15cb6b4310f/gpub/97e2919d8afd9f47/script.js]
[img1.wsimg.com/blobby/go/79791148-6c18-45bf-b9ce-f15cb6b4310f/gpub/519eb38a48c9f6c2/script.js]
[img1.wsimg.com/blobby/go/79791148-6c18-45bf-b9ce-f15cb6b4310f/gpub/56b461fd92826775/script.js]
[img1.wsimg.com/blobby/go/79791148-6c18-45bf-b9ce-f15cb6b4310f/gpub/ea6527961d931821/script.js]
[pokerladder.uk/contact-us.html]
[img1.wsimg.com/blobby/go/gpub/8426b58d3df5fc10/script.js]
[img1.wsimg.com/blobby/go/79791148-6c18-45bf-b9ce-f15cb6b4310f/gpub/513e6881cad455b9/script.js]
[img1.wsimg.com/blobby/go/79791148-6c18-45bf-b9ce-f15cb6b4310f/gpub/35ea5d24c461adaf/styles.css]
[img1.wsimg.com/blobby/go/79791148-6c18-45bf-b9ce-f15cb6b4310f/gpub/ad84b2c70a697cd8/styles.css]
[img1.wsimg.com/blobby/go/79791148-6c18-45bf-b9ce-f15cb6b4310f/gpub/a1a9820d939f7131/styles.css]
[img1.wsimg.com/blobby/go/79791148-6c18-45bf-b9ce-f15cb6b4310f/gpub/f89183cf69921d04/script.js]
[img1.wsimg.com/blobby/go/79791148-6c18-45bf-b9ce-f15cb6b4310f/gpub/c64b4a926e603dd7/script.js]
[pokerladder.uk/privacy-policy.html]
[img1.wsimg.com/blobby/go/79791148-6c18-45bf-b9ce-f15cb6b4310f/gpub/16f4811209e833f1/script.js]
[img1.wsimg.com/ceph-p3-01/website-builder-data-prod/static/widgets/UX.3.67.8.js]
[img1.wsimg.com/tcc/tcc_l.combined.1.0.6.min.js]
[img1.wsimg.com/blobby/go/79791148-6c18-45bf-b9ce-f15cb6b4310f/gpub/95f0deb73a3bdeae/styles.css]
[img1.wsimg.com/blobby/go/79791148-6c18-45bf-b9ce-f15cb6b4310f/gpub/424e431fc2d7d161/styles.css]
[img1.wsimg.com/blobby/go/79791148-6c18-45bf-b9ce-f15cb6b4310f/gpub/c70f303be6b4bf2f/styles.css]
[img1.wsimg.com/blobby/go/79791148-6c18-45bf-b9ce-f15cb6b4310f/gpub/7ae22b93deba1864/styles.css]
[img1.wsimg.com/blobby/go/79791148-6c18-45bf-b9ce-f15cb6b4310f/gpub/1530cbfd71840def/styles.css]
[img1.wsimg.com/blobby/go/79791148-6c18-45bf-b9ce-f15cb6b4310f/gpub/58ac38a7f2690d1e/styles.css]
[img1.wsimg.com/blobby/go/79791148-6c18-45bf-b9ce-f15cb6b4310f/gpub/6110644a4473c7c/styles.css]
[img1.wsimg.com/blobby/go/79791148-6c18-45bf-b9ce-f15cb6b4310f/gpub/c36721de060fbde/styles.css]
[img1.wsimg.com/blobby/go/79791148-6c18-45bf-b9ce-f15cb6b4310f/gpub/e0d80dcc1c2eac1/styles.css]
[img1.wsimg.com/blobby/go/79791148-6c18-45bf-b9ce-f15cb6b4310f/gpub/35ea5d24c461adaf/styles.css]
[img1.wsimg.com/blobby/go/79791148-6c18-45bf-b9ce-f15cb6b4310f/gpub/ad84b2c70a697cd8/styles.css]
[img1.wsimg.com/blobby/go/79791148-6c18-45bf-b9ce-f15cb6b4310f/gpub/a1a9820d939f7131/styles.css]
